# do {LoadBoard_tb_compile.do}
# Model Technology ModelSim PE vmap 10.4c Lib Mapping Utility 2015.07 Jul 20 2015
# vmap xil_defaultlib msim/xil_defaultlib 
# Modifying modelsim.ini
# ** Warning: (vlog-159) Mode option -64 is not supported in this context and will be ignored.
# 
# Model Technology ModelSim PE vlog 10.4c Compiler 2015.07 Jul 20 2015
# Start time: 21:02:17 on Jun 15,2018
# vlog -64 -incr -work xil_defaultlib "+incdir+../../../../Mips54_LoadBoard_vMDU.srcs/sources_1/imports/54cpu_up" "+incdir+../../../../Mips54_LoadBoard_vMDU.ip_user_files/ipstatic/clk_wiz_v5_3_1" LoadBoard_tb_time_synth.v ../../../../Mips54_LoadBoard_vMDU.srcs/sim_1/imports/new/LoadBoard_tb.v 
# -- Compiling module RAM256X1S_UNIQ_BASE_
# -- Compiling module RAM256X1S_HD1
# -- Compiling module RAM256X1S_HD10
# -- Compiling module RAM256X1S_HD100
# -- Compiling module RAM256X1S_HD101
# -- Compiling module RAM256X1S_HD102
# -- Compiling module RAM256X1S_HD103
# -- Compiling module RAM256X1S_HD104
# -- Compiling module RAM256X1S_HD105
# -- Compiling module RAM256X1S_HD106
# -- Compiling module RAM256X1S_HD107
# -- Compiling module RAM256X1S_HD108
# -- Compiling module RAM256X1S_HD109
# -- Compiling module RAM256X1S_HD11
# -- Compiling module RAM256X1S_HD110
# -- Compiling module RAM256X1S_HD111
# -- Compiling module RAM256X1S_HD112
# -- Compiling module RAM256X1S_HD113
# -- Compiling module RAM256X1S_HD114
# -- Compiling module RAM256X1S_HD115
# -- Compiling module RAM256X1S_HD116
# -- Compiling module RAM256X1S_HD117
# -- Compiling module RAM256X1S_HD118
# -- Compiling module RAM256X1S_HD119
# -- Compiling module RAM256X1S_HD12
# -- Compiling module RAM256X1S_HD120
# -- Compiling module RAM256X1S_HD121
# -- Compiling module RAM256X1S_HD122
# -- Compiling module RAM256X1S_HD123
# -- Compiling module RAM256X1S_HD124
# -- Compiling module RAM256X1S_HD125
# -- Compiling module RAM256X1S_HD126
# -- Compiling module RAM256X1S_HD127
# -- Compiling module RAM256X1S_HD13
# -- Compiling module RAM256X1S_HD14
# -- Compiling module RAM256X1S_HD15
# -- Compiling module RAM256X1S_HD16
# -- Compiling module RAM256X1S_HD17
# -- Compiling module RAM256X1S_HD18
# -- Compiling module RAM256X1S_HD19
# -- Compiling module RAM256X1S_HD2
# -- Compiling module RAM256X1S_HD20
# -- Compiling module RAM256X1S_HD21
# -- Compiling module RAM256X1S_HD22
# -- Compiling module RAM256X1S_HD23
# -- Compiling module RAM256X1S_HD24
# -- Compiling module RAM256X1S_HD25
# -- Compiling module RAM256X1S_HD26
# -- Compiling module RAM256X1S_HD27
# -- Compiling module RAM256X1S_HD28
# -- Compiling module RAM256X1S_HD29
# -- Compiling module RAM256X1S_HD3
# -- Compiling module RAM256X1S_HD30
# -- Compiling module RAM256X1S_HD31
# -- Compiling module RAM256X1S_HD32
# -- Compiling module RAM256X1S_HD33
# -- Compiling module RAM256X1S_HD34
# -- Compiling module RAM256X1S_HD35
# -- Compiling module RAM256X1S_HD36
# -- Compiling module RAM256X1S_HD37
# -- Compiling module RAM256X1S_HD38
# -- Compiling module RAM256X1S_HD39
# -- Compiling module RAM256X1S_HD4
# -- Compiling module RAM256X1S_HD40
# -- Compiling module RAM256X1S_HD41
# -- Compiling module RAM256X1S_HD42
# -- Compiling module RAM256X1S_HD43
# -- Compiling module RAM256X1S_HD44
# -- Compiling module RAM256X1S_HD45
# -- Compiling module RAM256X1S_HD46
# -- Compiling module RAM256X1S_HD47
# -- Compiling module RAM256X1S_HD48
# -- Compiling module RAM256X1S_HD49
# -- Compiling module RAM256X1S_HD5
# -- Compiling module RAM256X1S_HD50
# -- Compiling module RAM256X1S_HD51
# -- Compiling module RAM256X1S_HD52
# -- Compiling module RAM256X1S_HD53
# -- Compiling module RAM256X1S_HD54
# -- Compiling module RAM256X1S_HD55
# -- Compiling module RAM256X1S_HD56
# -- Compiling module RAM256X1S_HD57
# -- Compiling module RAM256X1S_HD58
# -- Compiling module RAM256X1S_HD59
# -- Compiling module RAM256X1S_HD6
# -- Compiling module RAM256X1S_HD60
# -- Compiling module RAM256X1S_HD61
# -- Compiling module RAM256X1S_HD62
# -- Compiling module RAM256X1S_HD63
# -- Compiling module RAM256X1S_HD64
# -- Compiling module RAM256X1S_HD65
# -- Compiling module RAM256X1S_HD66
# -- Compiling module RAM256X1S_HD67
# -- Compiling module RAM256X1S_HD68
# -- Compiling module RAM256X1S_HD69
# -- Compiling module RAM256X1S_HD7
# -- Compiling module RAM256X1S_HD70
# -- Compiling module RAM256X1S_HD71
# -- Compiling module RAM256X1S_HD72
# -- Compiling module RAM256X1S_HD73
# -- Compiling module RAM256X1S_HD74
# -- Compiling module RAM256X1S_HD75
# -- Compiling module RAM256X1S_HD76
# -- Compiling module RAM256X1S_HD77
# -- Compiling module RAM256X1S_HD78
# -- Compiling module RAM256X1S_HD79
# -- Compiling module RAM256X1S_HD8
# -- Compiling module RAM256X1S_HD80
# -- Compiling module RAM256X1S_HD81
# -- Compiling module RAM256X1S_HD82
# -- Compiling module RAM256X1S_HD83
# -- Compiling module RAM256X1S_HD84
# -- Compiling module RAM256X1S_HD85
# -- Compiling module RAM256X1S_HD86
# -- Compiling module RAM256X1S_HD87
# -- Compiling module RAM256X1S_HD88
# -- Compiling module RAM256X1S_HD89
# -- Compiling module RAM256X1S_HD9
# -- Compiling module RAM256X1S_HD90
# -- Compiling module RAM256X1S_HD91
# -- Compiling module RAM256X1S_HD92
# -- Compiling module RAM256X1S_HD93
# -- Compiling module RAM256X1S_HD94
# -- Compiling module RAM256X1S_HD95
# -- Compiling module RAM256X1S_HD96
# -- Compiling module RAM256X1S_HD97
# -- Compiling module RAM256X1S_HD98
# -- Compiling module RAM256X1S_HD99
# -- Compiling module clk_wiz_0
# -- Compiling module dmem
# -- Compiling module imem
# -- Compiling module ALU
# -- Compiling module Asynchronous_D_FF
# -- Compiling module Asynchronous_D_FF_0
# -- Compiling module Asynchronous_D_FF_1
# -- Compiling module Asynchronous_D_FF_10
# -- Compiling module Asynchronous_D_FF_11
# -- Compiling module Asynchronous_D_FF_12
# -- Compiling module Asynchronous_D_FF_13
# -- Compiling module Asynchronous_D_FF_14
# -- Compiling module Asynchronous_D_FF_15
# -- Compiling module Asynchronous_D_FF_16
# -- Compiling module Asynchronous_D_FF_17
# -- Compiling module Asynchronous_D_FF_18
# -- Compiling module Asynchronous_D_FF_19
# -- Compiling module Asynchronous_D_FF_2
# -- Compiling module Asynchronous_D_FF_20
# -- Compiling module Asynchronous_D_FF_21
# -- Compiling module Asynchronous_D_FF_22
# -- Compiling module Asynchronous_D_FF_23
# -- Compiling module Asynchronous_D_FF_24
# -- Compiling module Asynchronous_D_FF_25
# -- Compiling module Asynchronous_D_FF_26
# -- Compiling module Asynchronous_D_FF_27
# -- Compiling module Asynchronous_D_FF_28
# -- Compiling module Asynchronous_D_FF_29
# -- Compiling module Asynchronous_D_FF_3
# -- Compiling module Asynchronous_D_FF_30
# -- Compiling module Asynchronous_D_FF_4
# -- Compiling module Asynchronous_D_FF_5
# -- Compiling module Asynchronous_D_FF_6
# -- Compiling module Asynchronous_D_FF_7
# -- Compiling module Asynchronous_D_FF_8
# -- Compiling module Asynchronous_D_FF_9
# -- Compiling module CP0
# -- Compiling module ControlUnit
# -- Compiling module DIV
# -- Compiling module DIVU
# -- Compiling module MDU
# -- Compiling module MULT
# -- Compiling module Slt_32
# -- Compiling module Subber_32
# -- Compiling module clk_wiz_0_clk_wiz_0_clk_wiz
# -- Compiling module cpu
# -- Compiling module pcreg
# -- Compiling module regfile
# -- Compiling module sccomp_dataflow
# -- Compiling module seg7x16
# -- Compiling module dmem_dist_mem_gen_v8_0_10
# -- Compiling module dmem_dist_mem_gen_v8_0_10_synth
# -- Compiling module dmem_spram
# -- Compiling module imem_dist_mem_gen_v8_0_10
# -- Compiling module glbl
# -- Compiling module LoadBoard_tb
# 
# Top level modules:
# 	glbl
# 	LoadBoard_tb
# End time: 21:02:19 on Jun 15,2018, Elapsed time: 0:00:02
# Errors: 0, Warnings: 1
